<?xml version="1.0" encoding="UTF-8"?>
<coverage generated="1774944685512" clover="3.2.0">
  <project timestamp="1774944685512" name="All files">
    <metrics statements="47" coveredstatements="47" conditionals="43" coveredconditionals="40" methods="8" coveredmethods="8" elements="98" coveredelements="95" complexity="0" loc="47" ncloc="47" packages="1" files="2" classes="2"/>
    <file name="announcementService.js" path="C:\Users\manue\OneDrive\Documents\NOVADEMY\backend\services\announcementService.js">
      <metrics statements="22" coveredstatements="22" conditionals="20" coveredconditionals="20" methods="4" coveredmethods="4"/>
      <line num="1" count="1" type="stmt"/>
      <line num="3" count="1" type="stmt"/>
      <line num="15" count="3" type="cond" truecount="2" falsecount="0"/>
      <line num="27" count="1" type="stmt"/>
      <line num="31" count="2" type="stmt"/>
      <line num="36" count="2" type="cond" truecount="2" falsecount="0"/>
      <line num="37" count="1" type="stmt"/>
      <line num="43" count="1" type="stmt"/>
      <line num="56" count="1" type="stmt"/>
      <line num="62" count="1" type="stmt"/>
      <line num="63" count="1" type="stmt"/>
      <line num="70" count="1" type="stmt"/>
      <line num="71" count="3" type="cond" truecount="2" falsecount="0"/>
      <line num="72" count="1" type="stmt"/>
      <line num="75" count="2" type="stmt"/>
      <line num="77" count="2" type="cond" truecount="2" falsecount="0"/>
      <line num="78" count="1" type="stmt"/>
      <line num="81" count="1" type="stmt"/>
      <line num="84" count="1" type="stmt"/>
      <line num="85" count="2" type="cond" truecount="2" falsecount="0"/>
      <line num="86" count="1" type="stmt"/>
      <line num="89" count="1" type="stmt"/>
    </file>
    <file name="trialService.js" path="C:\Users\manue\OneDrive\Documents\NOVADEMY\backend\services\trialService.js">
      <metrics statements="25" coveredstatements="25" conditionals="23" coveredconditionals="20" methods="4" coveredmethods="4"/>
      <line num="1" count="1" type="stmt"/>
      <line num="3" count="1" type="stmt"/>
      <line num="11" count="3" type="cond" truecount="5" falsecount="0"/>
      <line num="12" count="1" type="stmt"/>
      <line num="15" count="2" type="stmt"/>
      <line num="21" count="2" type="cond" truecount="2" falsecount="0"/>
      <line num="22" count="1" type="stmt"/>
      <line num="28" count="1" type="stmt"/>
      <line num="37" count="1" type="stmt"/>
      <line num="43" count="1" type="stmt"/>
      <line num="44" count="2" type="cond" truecount="2" falsecount="0"/>
      <line num="45" count="1" type="stmt"/>
      <line num="48" count="1" type="stmt"/>
      <line num="51" count="1" type="stmt"/>
      <line num="52" count="2" type="cond" truecount="2" falsecount="0"/>
      <line num="53" count="1" type="stmt"/>
      <line num="56" count="1" type="stmt"/>
      <line num="59" count="1" type="stmt"/>
      <line num="60" count="3" type="cond" truecount="4" falsecount="0"/>
      <line num="61" count="1" type="stmt"/>
      <line num="64" count="2" type="stmt"/>
      <line num="65" count="2" type="cond" truecount="2" falsecount="0"/>
      <line num="66" count="1" type="stmt"/>
      <line num="69" count="1" type="stmt"/>
      <line num="71" count="1" type="stmt"/>
    </file>
  </project>
</coverage>
