{"C:\\Users\\manue\\OneDrive\\Documents\\NOVADEMY\\backend\\services\\announcementService.js": {"path":"C:\\Users\\manue\\OneDrive\\Documents\\NOVADEMY\\backend\\services\\announcementService.js","statementMap":{"0":{"start":{"line":1,"column":31},"end":{"line":1,"column":80}},"1":{"start":{"line":3,"column":0},"end":{"line":60,"column":2}},"2":{"start":{"line":15,"column":2},"end":{"line":28,"column":3}},"3":{"start":{"line":27,"column":4},"end":{"line":27,"column":73}},"4":{"start":{"line":31,"column":4},"end":{"line":34,"column":5}},"5":{"start":{"line":36,"column":2},"end":{"line":41,"column":3}},"6":{"start":{"line":37,"column":4},"end":{"line":40,"column":6}},"7":{"start":{"line":43,"column":17},"end":{"line":54,"column":4}},"8":{"start":{"line":56,"column":2},"end":{"line":59,"column":4}},"9":{"start":{"line":62,"column":0},"end":{"line":68,"column":2}},"10":{"start":{"line":63,"column":2},"end":{"line":67,"column":5}},"11":{"start":{"line":70,"column":0},"end":{"line":82,"column":2}},"12":{"start":{"line":71,"column":2},"end":{"line":73,"column":3}},"13":{"start":{"line":72,"column":4},"end":{"line":72,"column":58}},"14":{"start":{"line":75,"column":23},"end":{"line":75,"column":75}},"15":{"start":{"line":77,"column":2},"end":{"line":79,"column":3}},"16":{"start":{"line":78,"column":4},"end":{"line":78,"column":58}},"17":{"start":{"line":81,"column":2},"end":{"line":81,"column":22}},"18":{"start":{"line":84,"column":0},"end":{"line":90,"column":2}},"19":{"start":{"line":85,"column":2},"end":{"line":87,"column":3}},"20":{"start":{"line":86,"column":4},"end":{"line":86,"column":61}},"21":{"start":{"line":89,"column":2},"end":{"line":89,"column":73}}},"fnMap":{"0":{"name":"(anonymous_0)","decl":{"start":{"line":3,"column":29},"end":{"line":3,"column":30}},"loc":{"start":{"line":14,"column":6},"end":{"line":60,"column":1}},"line":14},"1":{"name":"(anonymous_1)","decl":{"start":{"line":62,"column":33},"end":{"line":62,"column":34}},"loc":{"start":{"line":62,"column":68},"end":{"line":68,"column":1}},"line":62},"2":{"name":"(anonymous_2)","decl":{"start":{"line":70,"column":30},"end":{"line":70,"column":31}},"loc":{"start":{"line":70,"column":44},"end":{"line":82,"column":1}},"line":70},"3":{"name":"(anonymous_3)","decl":{"start":{"line":84,"column":34},"end":{"line":84,"column":35}},"loc":{"start":{"line":84,"column":55},"end":{"line":90,"column":1}},"line":84}},"branchMap":{"0":{"loc":{"start":{"line":15,"column":2},"end":{"line":28,"column":3}},"type":"if","locations":[{"start":{"line":15,"column":2},"end":{"line":28,"column":3}},{"start":{},"end":{}}],"line":15},"1":{"loc":{"start":{"line":16,"column":4},"end":{"line":25,"column":17}},"type":"binary-expr","locations":[{"start":{"line":16,"column":4},"end":{"line":16,"column":15}},{"start":{"line":17,"column":4},"end":{"line":17,"column":12}},{"start":{"line":18,"column":4},"end":{"line":18,"column":10}},{"start":{"line":19,"column":4},"end":{"line":19,"column":9}},{"start":{"line":20,"column":4},"end":{"line":20,"column":9}},{"start":{"line":21,"column":4},"end":{"line":21,"column":10}},{"start":{"line":22,"column":4},"end":{"line":22,"column":16}},{"start":{"line":23,"column":4},"end":{"line":23,"column":16}},{"start":{"line":24,"column":4},"end":{"line":24,"column":17}},{"start":{"line":25,"column":4},"end":{"line":25,"column":17}}],"line":16},"2":{"loc":{"start":{"line":36,"column":2},"end":{"line":41,"column":3}},"type":"if","locations":[{"start":{"line":36,"column":2},"end":{"line":41,"column":3}},{"start":{},"end":{}}],"line":36},"3":{"loc":{"start":{"line":71,"column":2},"end":{"line":73,"column":3}},"type":"if","locations":[{"start":{"line":71,"column":2},"end":{"line":73,"column":3}},{"start":{},"end":{}}],"line":71},"4":{"loc":{"start":{"line":77,"column":2},"end":{"line":79,"column":3}},"type":"if","locations":[{"start":{"line":77,"column":2},"end":{"line":79,"column":3}},{"start":{},"end":{}}],"line":77},"5":{"loc":{"start":{"line":85,"column":2},"end":{"line":87,"column":3}},"type":"if","locations":[{"start":{"line":85,"column":2},"end":{"line":87,"column":3}},{"start":{},"end":{}}],"line":85}},"s":{"0":1,"1":1,"2":3,"3":1,"4":2,"5":2,"6":1,"7":1,"8":1,"9":1,"10":1,"11":1,"12":3,"13":1,"14":2,"15":2,"16":1,"17":1,"18":1,"19":2,"20":1,"21":1},"f":{"0":3,"1":1,"2":3,"3":2},"b":{"0":[1,2],"1":[3,3,2,2,2,2,2,2,2,2],"2":[1,1],"3":[1,2],"4":[1,1],"5":[1,1]},"_coverageSchema":"1a1c01bbd47fc00a2c39e90264f33305004495a9","hash":"a7f7bda912c9870889ec9e61db1e7bbadbf66b8b"}
,"C:\\Users\\manue\\OneDrive\\Documents\\NOVADEMY\\backend\\services\\trialService.js": {"path":"C:\\Users\\manue\\OneDrive\\Documents\\NOVADEMY\\backend\\services\\trialService.js","statementMap":{"0":{"start":{"line":1,"column":24},"end":{"line":1,"column":66}},"1":{"start":{"line":3,"column":0},"end":{"line":41,"column":2}},"2":{"start":{"line":11,"column":2},"end":{"line":13,"column":3}},"3":{"start":{"line":12,"column":4},"end":{"line":12,"column":68}},"4":{"start":{"line":15,"column":26},"end":{"line":19,"column":3}},"5":{"start":{"line":21,"column":2},"end":{"line":26,"column":3}},"6":{"start":{"line":22,"column":4},"end":{"line":25,"column":6}},"7":{"start":{"line":28,"column":17},"end":{"line":35,"column":4}},"8":{"start":{"line":37,"column":2},"end":{"line":40,"column":4}},"9":{"start":{"line":43,"column":0},"end":{"line":49,"column":2}},"10":{"start":{"line":44,"column":2},"end":{"line":46,"column":3}},"11":{"start":{"line":45,"column":4},"end":{"line":45,"column":57}},"12":{"start":{"line":48,"column":2},"end":{"line":48,"column":59}},"13":{"start":{"line":51,"column":0},"end":{"line":57,"column":2}},"14":{"start":{"line":52,"column":2},"end":{"line":54,"column":3}},"15":{"start":{"line":53,"column":4},"end":{"line":53,"column":57}},"16":{"start":{"line":56,"column":2},"end":{"line":56,"column":59}},"17":{"start":{"line":59,"column":0},"end":{"line":72,"column":2}},"18":{"start":{"line":60,"column":2},"end":{"line":62,"column":3}},"19":{"start":{"line":61,"column":4},"end":{"line":61,"column":64}},"20":{"start":{"line":64,"column":26},"end":{"line":64,"column":72}},"21":{"start":{"line":65,"column":2},"end":{"line":67,"column":3}},"22":{"start":{"line":66,"column":4},"end":{"line":66,"column":54}},"23":{"start":{"line":69,"column":2},"end":{"line":69,"column":54}},"24":{"start":{"line":71,"column":2},"end":{"line":71,"column":42}}},"fnMap":{"0":{"name":"(anonymous_0)","decl":{"start":{"line":3,"column":29},"end":{"line":3,"column":30}},"loc":{"start":{"line":10,"column":6},"end":{"line":41,"column":1}},"line":10},"1":{"name":"(anonymous_1)","decl":{"start":{"line":43,"column":27},"end":{"line":43,"column":28}},"loc":{"start":{"line":43,"column":48},"end":{"line":49,"column":1}},"line":43},"2":{"name":"(anonymous_2)","decl":{"start":{"line":51,"column":27},"end":{"line":51,"column":28}},"loc":{"start":{"line":51,"column":48},"end":{"line":57,"column":1}},"line":51},"3":{"name":"(anonymous_3)","decl":{"start":{"line":59,"column":28},"end":{"line":59,"column":29}},"loc":{"start":{"line":59,"column":50},"end":{"line":72,"column":1}},"line":59}},"branchMap":{"0":{"loc":{"start":{"line":11,"column":2},"end":{"line":13,"column":3}},"type":"if","locations":[{"start":{"line":11,"column":2},"end":{"line":13,"column":3}},{"start":{},"end":{}}],"line":11},"1":{"loc":{"start":{"line":11,"column":6},"end":{"line":11,"column":52}},"type":"binary-expr","locations":[{"start":{"line":11,"column":6},"end":{"line":11,"column":22}},{"start":{"line":11,"column":26},"end":{"line":11,"column":37}},{"start":{"line":11,"column":41},"end":{"line":11,"column":52}}],"line":11},"2":{"loc":{"start":{"line":21,"column":2},"end":{"line":26,"column":3}},"type":"if","locations":[{"start":{"line":21,"column":2},"end":{"line":26,"column":3}},{"start":{},"end":{}}],"line":21},"3":{"loc":{"start":{"line":32,"column":19},"end":{"line":32,"column":40}},"type":"binary-expr","locations":[{"start":{"line":32,"column":19},"end":{"line":32,"column":32}},{"start":{"line":32,"column":36},"end":{"line":32,"column":40}}],"line":32},"4":{"loc":{"start":{"line":33,"column":26},"end":{"line":33,"column":54}},"type":"binary-expr","locations":[{"start":{"line":33,"column":26},"end":{"line":33,"column":46}},{"start":{"line":33,"column":50},"end":{"line":33,"column":54}}],"line":33},"5":{"loc":{"start":{"line":34,"column":24},"end":{"line":34,"column":50}},"type":"binary-expr","locations":[{"start":{"line":34,"column":24},"end":{"line":34,"column":42}},{"start":{"line":34,"column":46},"end":{"line":34,"column":50}}],"line":34},"6":{"loc":{"start":{"line":44,"column":2},"end":{"line":46,"column":3}},"type":"if","locations":[{"start":{"line":44,"column":2},"end":{"line":46,"column":3}},{"start":{},"end":{}}],"line":44},"7":{"loc":{"start":{"line":52,"column":2},"end":{"line":54,"column":3}},"type":"if","locations":[{"start":{"line":52,"column":2},"end":{"line":54,"column":3}},{"start":{},"end":{}}],"line":52},"8":{"loc":{"start":{"line":60,"column":2},"end":{"line":62,"column":3}},"type":"if","locations":[{"start":{"line":60,"column":2},"end":{"line":62,"column":3}},{"start":{},"end":{}}],"line":60},"9":{"loc":{"start":{"line":60,"column":6},"end":{"line":60,"column":20}},"type":"binary-expr","locations":[{"start":{"line":60,"column":6},"end":{"line":60,"column":9}},{"start":{"line":60,"column":13},"end":{"line":60,"column":20}}],"line":60},"10":{"loc":{"start":{"line":65,"column":2},"end":{"line":67,"column":3}},"type":"if","locations":[{"start":{"line":65,"column":2},"end":{"line":67,"column":3}},{"start":{},"end":{}}],"line":65}},"s":{"0":1,"1":1,"2":3,"3":1,"4":2,"5":2,"6":1,"7":1,"8":1,"9":1,"10":2,"11":1,"12":1,"13":1,"14":2,"15":1,"16":1,"17":1,"18":3,"19":1,"20":2,"21":2,"22":1,"23":1,"24":1},"f":{"0":3,"1":2,"2":2,"3":3},"b":{"0":[1,2],"1":[3,3,2],"2":[1,1],"3":[1,0],"4":[1,0],"5":[1,0],"6":[1,1],"7":[1,1],"8":[1,2],"9":[3,2],"10":[1,1]},"_coverageSchema":"1a1c01bbd47fc00a2c39e90264f33305004495a9","hash":"cc021853e10385e5348f48b61ddc20dbb8d7a26c"}
}
