TN:
SF:services\announcementService.js
FN:3,(anonymous_0)
FN:62,(anonymous_1)
FN:70,(anonymous_2)
FN:84,(anonymous_3)
FNF:4
FNH:4
FNDA:3,(anonymous_0)
FNDA:1,(anonymous_1)
FNDA:3,(anonymous_2)
FNDA:2,(anonymous_3)
DA:1,1
DA:3,1
DA:15,3
DA:27,1
DA:31,2
DA:36,2
DA:37,1
DA:43,1
DA:56,1
DA:62,1
DA:63,1
DA:70,1
DA:71,3
DA:72,1
DA:75,2
DA:77,2
DA:78,1
DA:81,1
DA:84,1
DA:85,2
DA:86,1
DA:89,1
LF:22
LH:22
BRDA:15,0,0,1
BRDA:15,0,1,2
BRDA:16,1,0,3
BRDA:16,1,1,3
BRDA:16,1,2,2
BRDA:16,1,3,2
BRDA:16,1,4,2
BRDA:16,1,5,2
BRDA:16,1,6,2
BRDA:16,1,7,2
BRDA:16,1,8,2
BRDA:16,1,9,2
BRDA:36,2,0,1
BRDA:36,2,1,1
BRDA:71,3,0,1
BRDA:71,3,1,2
BRDA:77,4,0,1
BRDA:77,4,1,1
BRDA:85,5,0,1
BRDA:85,5,1,1
BRF:20
BRH:20
end_of_record
TN:
SF:services\trialService.js
FN:3,(anonymous_0)
FN:43,(anonymous_1)
FN:51,(anonymous_2)
FN:59,(anonymous_3)
FNF:4
FNH:4
FNDA:3,(anonymous_0)
FNDA:2,(anonymous_1)
FNDA:2,(anonymous_2)
FNDA:3,(anonymous_3)
DA:1,1
DA:3,1
DA:11,3
DA:12,1
DA:15,2
DA:21,2
DA:22,1
DA:28,1
DA:37,1
DA:43,1
DA:44,2
DA:45,1
DA:48,1
DA:51,1
DA:52,2
DA:53,1
DA:56,1
DA:59,1
DA:60,3
DA:61,1
DA:64,2
DA:65,2
DA:66,1
DA:69,1
DA:71,1
LF:25
LH:25
BRDA:11,0,0,1
BRDA:11,0,1,2
BRDA:11,1,0,3
BRDA:11,1,1,3
BRDA:11,1,2,2
BRDA:21,2,0,1
BRDA:21,2,1,1
BRDA:32,3,0,1
BRDA:32,3,1,0
BRDA:33,4,0,1
BRDA:33,4,1,0
BRDA:34,5,0,1
BRDA:34,5,1,0
BRDA:44,6,0,1
BRDA:44,6,1,1
BRDA:52,7,0,1
BRDA:52,7,1,1
BRDA:60,8,0,1
BRDA:60,8,1,2
BRDA:60,9,0,3
BRDA:60,9,1,2
BRDA:65,10,0,1
BRDA:65,10,1,1
BRF:23
BRH:20
end_of_record
